[0.029s] Invoking command in '/home/usuario/Documentos/GitHub/IR2121/Navigation/src/patrolling/build/patrolling': CMAKE_PREFIX_PATH=/opt/ros/foxy /usr/bin/cmake /home/usuario/Documentos/GitHub/IR2121/Navigation/src/patrolling -DCMAKE_INSTALL_PREFIX=/home/usuario/Documentos/GitHub/IR2121/Navigation/src/patrolling/install/patrolling
[0.059s] -- Found ament_cmake: 0.9.12 (/opt/ros/foxy/share/ament_cmake/cmake)
[0.096s] -- Found PythonInterp: /usr/bin/python3 (found suitable version "3.8.10", minimum required is "3") 
[0.096s] -- Using PYTHON_EXECUTABLE: /usr/bin/python3
[0.322s] -- Found rclcpp: 2.4.3 (/opt/ros/foxy/share/rclcpp/cmake)
[0.389s] -- Using all available rosidl_typesupport_c: rosidl_typesupport_fastrtps_c;rosidl_typesupport_introspection_c
[0.395s] -- Found rosidl_adapter: 1.3.1 (/opt/ros/foxy/share/rosidl_adapter/cmake)
[0.470s] -- Found OpenSSL: /usr/lib/x86_64-linux-gnu/libcrypto.so (found version "1.1.1f")  
[0.501s] -- Found FastRTPS: /opt/ros/foxy/include  
[0.579s] -- Using all available rosidl_typesupport_cpp: rosidl_typesupport_fastrtps_cpp;rosidl_typesupport_introspection_cpp
[0.637s] -- Found rmw_implementation_cmake: 1.0.4 (/opt/ros/foxy/share/rmw_implementation_cmake/cmake)
[0.639s] -- Using RMW implementation 'rmw_fastrtps_cpp' as default
[0.649s] -- Looking for pthread.h
[0.919s] -- Looking for pthread.h - found
[0.927s] -- Performing Test CMAKE_HAVE_LIBC_PTHREAD
[1.236s] -- Performing Test CMAKE_HAVE_LIBC_PTHREAD - Failed
[1.236s] -- Looking for pthread_create in pthreads
[1.370s] -- Looking for pthread_create in pthreads - not found
[1.375s] -- Looking for pthread_create in pthread
[1.673s] -- Looking for pthread_create in pthread - found
[1.683s] -- Found Threads: TRUE  
[1.817s] -- Found geometry_msgs: 2.0.5 (/opt/ros/foxy/share/geometry_msgs/cmake)
[1.847s] -- Found ament_lint_auto: 0.9.8 (/opt/ros/foxy/share/ament_lint_auto/cmake)
[1.982s] -- Added test 'copyright' to check source files copyright and LICENSE
[1.987s] -- Added test 'cppcheck' to perform static code analysis on C / C++ code
[1.987s] -- Configured cppcheck include dirs: 
[1.988s] -- Configured cppcheck exclude dirs and/or files: 
[1.991s] -- Added test 'cpplint' to check C / C++ code against the Google style
[1.991s] -- Configured cpplint exclude dirs and/or files: 
[1.992s] -- Added test 'flake8' to check Python code syntax and style conventions
[1.993s] -- Added test 'lint_cmake' to check CMake code style
[1.994s] -- Added test 'pep257' to check Python code against some of the style conventions in PEP 257
[1.998s] -- Added test 'uncrustify' to check C / C++ code style
[1.998s] -- Configured uncrustify additional arguments: 
[1.999s] -- Added test 'xmllint' to check XML markup files
[2.017s] -- Configuring done
[2.028s] -- Generating done
[2.042s] -- Build files have been written to: /home/usuario/Documentos/GitHub/IR2121/Navigation/src/patrolling/build/patrolling
[2.047s] Invoked command in '/home/usuario/Documentos/GitHub/IR2121/Navigation/src/patrolling/build/patrolling' returned '0': CMAKE_PREFIX_PATH=/opt/ros/foxy /usr/bin/cmake /home/usuario/Documentos/GitHub/IR2121/Navigation/src/patrolling -DCMAKE_INSTALL_PREFIX=/home/usuario/Documentos/GitHub/IR2121/Navigation/src/patrolling/install/patrolling
[2.055s] Invoking command in '/home/usuario/Documentos/GitHub/IR2121/Navigation/src/patrolling/build/patrolling': CMAKE_PREFIX_PATH=/opt/ros/foxy /usr/bin/cmake --build /home/usuario/Documentos/GitHub/IR2121/Navigation/src/patrolling/build/patrolling -- -j6 -l6
[2.165s] [35m[1mScanning dependencies of target goal[0m
[2.317s] [ 50%] [32mBuilding CXX object CMakeFiles/goal.dir/src/publisher.cpp.o[0m
[2.450s] [01m[K/home/usuario/Documentos/GitHub/IR2121/Navigation/src/patrolling/src/publisher.cpp:3:10:[m[K [01;31m[Kfatal error: [m[Kgeometry_msgs/PoseStamped.h: No existe el archivo o el directorio
[2.450s]     3 | #include [01;31m[K"geometry_msgs/PoseStamped.h"[m[K
[2.450s]       |          [01;31m[K^~~~~~~~~~~~~~~~~~~~~~~~~~~~~[m[K
[2.450s] compilation terminated.
[2.451s] make[2]: *** [CMakeFiles/goal.dir/build.make:63: CMakeFiles/goal.dir/src/publisher.cpp.o] Error 1
[2.451s] make[1]: *** [CMakeFiles/Makefile2:105: CMakeFiles/goal.dir/all] Error 2
[2.451s] make: *** [Makefile:141: all] Error 2
[2.453s] Invoked command in '/home/usuario/Documentos/GitHub/IR2121/Navigation/src/patrolling/build/patrolling' returned '2': CMAKE_PREFIX_PATH=/opt/ros/foxy /usr/bin/cmake --build /home/usuario/Documentos/GitHub/IR2121/Navigation/src/patrolling/build/patrolling -- -j6 -l6
